begin rebuild
/usr/local/sbin:/usr/local/bin:/usr/sbin:/usr/bin:/sbin:/bin:/usr/games:/alidata/server/mysql/bin:/alidata/server/nginx/sbin:/alidata/server/java/bin:/usr/local/apache-maven-3.3.3/bin:/root/gagaTest/mailTest/bin:/root/gagaTest/pidObserve/bin:/root/work/c_test/bin:/alidata/server/mysql/bin:/alidata/server/nginx/sbin:/alidata/server/java/bin:/usr/local/apache-maven-3.3.3/bin:/root/gagaTest/mailTest/bin:/root/gagaTest/pidObserve/bin:/root/work/c_test/bin
SHELL=/bin/bash
TERM=xterm
SSH_CLIENT=103.37.140.16 59241 22
USER=root
JRE_HOME=/alidata/server/java/jre
GNUSTEP_MAKEFILES=/usr/share/GNUstep/Makefiles/GNUstep.sh
PATH=/usr/local/sbin:/usr/local/bin:/usr/sbin:/usr/bin:/sbin:/bin:/usr/games:/alidata/server/mysql/bin:/alidata/server/nginx/sbin:/alidata/server/java/bin:/usr/local/apache-maven-3.3.3/bin:/root/gagaTest/mailTest/bin:/root/gagaTest/pidObserve/bin:/root/work/c_test/bin:/alidata/server/mysql/bin:/alidata/server/nginx/sbin:/alidata/server/java/bin:/usr/local/apache-maven-3.3.3/bin:/root/gagaTest/mailTest/bin:/root/gagaTest/pidObserve/bin:/root/work/c_test/bin
MAIL=/var/mail/root
MAVEN_HOME=/usr/local/apache-maven-3.3.3
PWD=/root
JAVA_HOME=/alidata/server/java
LANG=en_US.UTF-8
HOME=/root
SHLVL=2
LANGUAGE=en_US:en
LOGNAME=root
SSH_CONNECTION=103.37.140.16 59241 182.92.1.128 22
CLASSPATH=.:/alidata/server/java/lib/dt.jar:/alidata/server/java/lib/tools.jar:/alidata/server/java/lib:/alidata/server/java/jre/lib:.:/alidata/server/java/lib/dt.jar:/alidata/server/java/lib/tools.jar:/alidata/server/java/lib:/alidata/server/java/jre/lib:
_=/usr/bin/env
build
ca
lexicon
nohup.out
pom.xml
sql
src
target
Already up-to-date.
[INFO] Scanning for projects...
[INFO]                                                                         
[INFO] ------------------------------------------------------------------------
[INFO] Building blog Maven Webapp 1.0-SNAPSHOT
[INFO] ------------------------------------------------------------------------
[INFO] 
[INFO] --- maven-clean-plugin:2.5:clean (default-clean) @ blog ---
[INFO] Deleting /root/work/blog/target
[INFO] 
[INFO] --- maven-resources-plugin:2.6:copy-resources (copy-resources) @ blog ---
[INFO] Using 'UTF-8' encoding to copy filtered resources.
[INFO] Copying 5 resources
[INFO] 
[INFO] --- maven-resources-plugin:2.6:resources (default-resources) @ blog ---
[INFO] Using 'UTF-8' encoding to copy filtered resources.
[INFO] Copying 30 resources
[INFO] 
[INFO] --- maven-compiler-plugin:3.1:compile (default-compile) @ blog ---
[INFO] Changes detected - recompiling the module!
[INFO] Compiling 151 source files to /root/work/blog/target/classes
[WARNING] /root/work/blog/src/main/java/com/prince/myproj/shares/models/DealModel.java:[7,35] unmappable character for encoding UTF-8
[WARNING] /root/work/blog/src/main/java/com/prince/myproj/shares/models/DealModel.java:[7,37] unmappable character for encoding UTF-8
[WARNING] /root/work/blog/src/main/java/com/prince/myproj/shares/models/DealModel.java:[7,38] unmappable character for encoding UTF-8
[WARNING] /root/work/blog/src/main/java/com/prince/myproj/shares/models/DealModel.java:[7,39] unmappable character for encoding UTF-8
[WARNING] /root/work/blog/src/main/java/com/prince/myproj/shares/models/DealModel.java:[7,40] unmappable character for encoding UTF-8
[WARNING] /root/work/blog/src/main/java/com/prince/myproj/shares/models/DealModel.java:[8,35] unmappable character for encoding UTF-8
[WARNING] /root/work/blog/src/main/java/com/prince/myproj/shares/models/DealModel.java:[8,37] unmappable character for encoding UTF-8
[WARNING] /root/work/blog/src/main/java/com/prince/myproj/shares/models/DealModel.java:[8,38] unmappable character for encoding UTF-8
[WARNING] /root/work/blog/src/main/java/com/prince/myproj/shares/models/DealModel.java:[8,39] unmappable character for encoding UTF-8
[WARNING] /root/work/blog/src/main/java/com/prince/myproj/shares/dao/SharesHistoryDao.java:[17,71] unmappable character for encoding UTF-8
[WARNING] /root/work/blog/src/main/java/com/prince/myproj/shares/dao/SharesHistoryDao.java:[17,72] unmappable character for encoding UTF-8
[WARNING] /root/work/blog/src/main/java/com/prince/myproj/shares/dao/SharesHistoryDao.java:[17,74] unmappable character for encoding UTF-8
[WARNING] /root/work/blog/src/main/java/com/prince/myproj/shares/dao/SharesHistoryDao.java:[17,75] unmappable character for encoding UTF-8
[WARNING] /root/work/blog/src/main/java/com/prince/myproj/shares/dao/SharesHistoryDao.java:[17,77] unmappable character for encoding UTF-8
[WARNING] /root/work/blog/src/main/java/com/prince/myproj/shares/dao/SharesHistoryDao.java:[17,78] unmappable character for encoding UTF-8
[WARNING] /root/work/blog/src/main/java/com/prince/myproj/shares/dao/SharesHistoryDao.java:[17,80] unmappable character for encoding UTF-8
[WARNING] /root/work/blog/src/main/java/com/prince/myproj/shares/dao/SharesHistoryDao.java:[17,86] unmappable character for encoding UTF-8
[WARNING] /root/work/blog/src/main/java/com/prince/myproj/shares/dao/SharesHistoryDao.java:[17,87] unmappable character for encoding UTF-8
[WARNING] /root/work/blog/src/main/java/com/prince/myproj/shares/dao/SharesHistoryDao.java:[17,88] unmappable character for encoding UTF-8
[WARNING] /root/work/blog/src/main/java/com/prince/myproj/shares/dao/SharesHistoryDao.java:[17,90] unmappable character for encoding UTF-8
[WARNING] /root/work/blog/src/main/java/com/prince/myproj/shares/dao/SharesHistoryDao.java:[17,91] unmappable character for encoding UTF-8
[WARNING] /root/work/blog/src/main/java/com/prince/myproj/shares/dao/SharesHistoryDao.java:[17,92] unmappable character for encoding UTF-8
[WARNING] /root/work/blog/src/main/java/com/prince/myproj/shares/dao/SharesHistoryDao.java:[17,93] unmappable character for encoding UTF-8
[WARNING] /root/work/blog/src/main/java/com/prince/myproj/shares/dao/SharesHistoryDao.java:[17,94] unmappable character for encoding UTF-8
[WARNING] /root/work/blog/src/main/java/com/prince/myproj/shares/dao/SharesHistoryDao.java:[17,95] unmappable character for encoding UTF-8
[WARNING] /root/work/blog/src/main/java/com/prince/myproj/shares/dao/SharesHistoryDao.java:[18,75] unmappable character for encoding UTF-8
[WARNING] /root/work/blog/src/main/java/com/prince/myproj/shares/dao/SharesHistoryDao.java:[18,76] unmappable character for encoding UTF-8
[WARNING] /root/work/blog/src/main/java/com/prince/myproj/shares/dao/SharesHistoryDao.java:[18,78] unmappable character for encoding UTF-8
[WARNING] /root/work/blog/src/main/java/com/prince/myproj/shares/dao/SharesHistoryDao.java:[18,79] unmappable character for encoding UTF-8
[WARNING] /root/work/blog/src/main/java/com/prince/myproj/shares/dao/SharesHistoryDao.java:[18,80] unmappable character for encoding UTF-8
[WARNING] /root/work/blog/src/main/java/com/prince/myproj/shares/dao/SharesHistoryDao.java:[18,82] unmappable character for encoding UTF-8
[WARNING] /root/work/blog/src/main/java/com/prince/myproj/shares/dao/SharesHistoryDao.java:[18,83] unmappable character for encoding UTF-8
[WARNING] /root/work/blog/src/main/java/com/prince/myproj/shares/dao/SharesHistoryDao.java:[18,84] unmappable character for encoding UTF-8
[WARNING] /root/work/blog/src/main/java/com/prince/myproj/shares/dao/SharesHistoryDao.java:[18,85] unmappable character for encoding UTF-8
[WARNING] /root/work/blog/src/main/java/com/prince/myproj/shares/dao/SharesHistoryDao.java:[18,86] unmappable character for encoding UTF-8
[WARNING] /root/work/blog/src/main/java/com/prince/myproj/shares/dao/SharesHistoryDao.java:[18,87] unmappable character for encoding UTF-8
[WARNING] /root/work/blog/src/main/java/com/prince/myproj/shares/dao/SharesHistoryDao.java:[18,88] unmappable character for encoding UTF-8
[WARNING] /root/work/blog/src/main/java/com/prince/myproj/shares/dao/SharesHistoryDao.java:[18,94] unmappable character for encoding UTF-8
[WARNING] /root/work/blog/src/main/java/com/prince/myproj/shares/dao/SharesHistoryDao.java:[18,95] unmappable character for encoding UTF-8
[WARNING] /root/work/blog/src/main/java/com/prince/myproj/shares/dao/SharesHistoryDao.java:[19,79] unmappable character for encoding UTF-8
[WARNING] /root/work/blog/src/main/java/com/prince/myproj/shares/dao/SharesHistoryDao.java:[19,80] unmappable character for encoding UTF-8
[WARNING] /root/work/blog/src/main/java/com/prince/myproj/shares/dao/SharesHistoryDao.java:[19,82] unmappable character for encoding UTF-8
[WARNING] /root/work/blog/src/main/java/com/prince/myproj/shares/dao/SharesHistoryDao.java:[19,84] unmappable character for encoding UTF-8
[WARNING] /root/work/blog/src/main/java/com/prince/myproj/shares/dao/SharesHistoryDao.java:[19,85] unmappable character for encoding UTF-8
[WARNING] /root/work/blog/src/main/java/com/prince/myproj/shares/dao/SharesHistoryDao.java:[19,87] unmappable character for encoding UTF-8
[WARNING] /root/work/blog/src/main/java/com/prince/myproj/shares/dao/SharesHistoryDao.java:[19,89] unmappable character for encoding UTF-8
[WARNING] /root/work/blog/src/main/java/com/prince/myproj/shares/dao/SharesHistoryDao.java:[19,91] unmappable character for encoding UTF-8
[WARNING] /root/work/blog/src/main/java/com/prince/myproj/shares/dao/SharesHistoryDao.java:[19,93] unmappable character for encoding UTF-8
[WARNING] /root/work/blog/src/main/java/com/prince/myproj/shares/dao/SharesHistoryDao.java:[19,95] unmappable character for encoding UTF-8
[WARNING] /root/work/blog/src/main/java/com/prince/myproj/shares/services/ShareCodeGetService.java:[28,9] unmappable character for encoding UTF-8
[WARNING] /root/work/blog/src/main/java/com/prince/myproj/shares/services/ShareCodeGetService.java:[28,10] unmappable character for encoding UTF-8
[WARNING] /root/work/blog/src/main/java/com/prince/myproj/shares/services/ShareCodeGetService.java:[28,12] unmappable character for encoding UTF-8
[WARNING] /root/work/blog/src/main/java/com/prince/myproj/shares/services/ShareCodeGetService.java:[28,13] unmappable character for encoding UTF-8
[WARNING] /root/work/blog/src/main/java/com/prince/myproj/shares/services/ShareCodeGetService.java:[28,14] unmappable character for encoding UTF-8
[WARNING] /root/work/blog/src/main/java/com/prince/myproj/shares/services/ShareCodeGetService.java:[28,15] unmappable character for encoding UTF-8
[WARNING] /root/work/blog/src/main/java/com/prince/myproj/shares/services/ShareCodeGetService.java:[28,16] unmappable character for encoding UTF-8
[WARNING] /root/work/blog/src/main/java/com/prince/myproj/shares/services/ShareCodeGetService.java:[28,18] unmappable character for encoding UTF-8
[WARNING] /root/work/blog/src/main/java/com/prince/myproj/shares/services/ShareCodeGetService.java:[37,12] unmappable character for encoding UTF-8
[WARNING] /root/work/blog/src/main/java/com/prince/myproj/shares/services/ShareCodeGetService.java:[37,14] unmappable character for encoding UTF-8
[WARNING] /root/work/blog/src/main/java/com/prince/myproj/shares/services/ShareCodeGetService.java:[37,15] unmappable character for encoding UTF-8
[WARNING] /root/work/blog/src/main/java/com/prince/myproj/shares/services/ShareCodeGetService.java:[37,16] unmappable character for encoding UTF-8
[WARNING] /root/work/blog/src/main/java/com/prince/myproj/shares/services/ShareCodeGetService.java:[37,17] unmappable character for encoding UTF-8
[WARNING] /root/work/blog/src/main/java/com/prince/myproj/shares/services/ShareCodeGetService.java:[37,18] unmappable character for encoding UTF-8
[WARNING] /root/work/blog/src/main/java/com/prince/myproj/shares/services/ShareCodeGetService.java:[37,19] unmappable character for encoding UTF-8
[WARNING] /root/work/blog/src/main/java/com/prince/myproj/shares/services/ShareCodeGetService.java:[37,20] unmappable character for encoding UTF-8
[WARNING] /root/work/blog/src/main/java/com/prince/myproj/shares/services/ShareCodeGetService.java:[37,21] unmappable character for encoding UTF-8
[WARNING] /root/work/blog/src/main/java/com/prince/myproj/shares/services/ShareCodeGetService.java:[37,22] unmappable character for encoding UTF-8
[WARNING] /root/work/blog/src/main/java/com/prince/myproj/shares/services/ShareCodeGetService.java:[37,23] unmappable character for encoding UTF-8
[WARNING] /root/work/blog/src/main/java/com/prince/myproj/shares/services/ShareCodeGetService.java:[37,24] unmappable character for encoding UTF-8
[WARNING] /root/work/blog/src/main/java/com/prince/myproj/shares/services/ShareCodeGetService.java:[37,26] unmappable character for encoding UTF-8
[WARNING] /root/work/blog/src/main/java/com/prince/myproj/shares/services/ShareCodeGetService.java:[37,28] unmappable character for encoding UTF-8
[WARNING] /root/work/blog/src/main/java/com/prince/myproj/shares/services/ShareCodeGetService.java:[37,29] unmappable character for encoding UTF-8
[WARNING] /root/work/blog/src/main/java/com/prince/myproj/shares/services/ShareCodeGetService.java:[37,30] unmappable character for encoding UTF-8
[WARNING] /root/work/blog/src/main/java/com/prince/myproj/shares/services/ShareCodeGetService.java:[55,11] unmappable character for encoding UTF-8
[WARNING] /root/work/blog/src/main/java/com/prince/myproj/shares/services/ShareCodeGetService.java:[55,12] unmappable character for encoding UTF-8
[WARNING] /root/work/blog/src/main/java/com/prince/myproj/shares/services/ShareCodeGetService.java:[55,13] unmappable character for encoding UTF-8
[WARNING] /root/work/blog/src/main/java/com/prince/myproj/shares/services/ShareCodeGetService.java:[55,14] unmappable character for encoding UTF-8
[WARNING] /root/work/blog/src/main/java/com/prince/myproj/shares/services/ShareCodeGetService.java:[55,15] unmappable character for encoding UTF-8
[WARNING] /root/work/blog/src/main/java/com/prince/myproj/shares/services/ShareCodeGetService.java:[55,16] unmappable character for encoding UTF-8
[WARNING] /root/work/blog/src/main/java/com/prince/myproj/shares/services/ShareCodeGetService.java:[55,18] unmappable character for encoding UTF-8
[WARNING] /root/work/blog/src/main/java/com/prince/myproj/shares/celue/SelectSharesCelue.java:[10,7] unmappable character for encoding UTF-8
[WARNING] /root/work/blog/src/main/java/com/prince/myproj/shares/celue/SelectSharesCelue.java:[10,8] unmappable character for encoding UTF-8
[WARNING] /root/work/blog/src/main/java/com/prince/myproj/shares/celue/SelectSharesCelue.java:[10,11] unmappable character for encoding UTF-8
[WARNING] /root/work/blog/src/main/java/com/prince/myproj/shares/celue/SelectSharesCelue.java:[10,12] unmappable character for encoding UTF-8
[WARNING] /root/work/blog/src/main/java/com/prince/myproj/shares/celue/SelectSharesCelue.java:[10,13] unmappable character for encoding UTF-8
[WARNING] /root/work/blog/src/main/java/com/prince/myproj/shares/celue/SelectSharesCelue.java:[10,14] unmappable character for encoding UTF-8
[WARNING] /root/work/blog/src/main/java/com/prince/myproj/shares/celue/SelectSharesCelue.java:[10,18] unmappable character for encoding UTF-8
[WARNING] /root/work/blog/src/main/java/com/prince/myproj/shares/celue/SelectSharesCelue.java:[10,19] unmappable character for encoding UTF-8
[WARNING] /root/work/blog/src/main/java/com/prince/myproj/shares/celue/SelectSharesCelue.java:[10,20] unmappable character for encoding UTF-8
[WARNING] /root/work/blog/src/main/java/com/prince/myproj/shares/celue/SelectSharesCelue.java:[10,21] unmappable character for encoding UTF-8
[WARNING] /root/work/blog/src/main/java/com/prince/myproj/shares/models/AnalysisVolumeCycBean.java:[7,35] unmappable character for encoding UTF-8
[WARNING] /root/work/blog/src/main/java/com/prince/myproj/shares/models/AnalysisVolumeCycBean.java:[7,37] unmappable character for encoding UTF-8
[WARNING] /root/work/blog/src/main/java/com/prince/myproj/shares/models/AnalysisVolumeCycBean.java:[7,38] unmappable character for encoding UTF-8
[WARNING] /root/work/blog/src/main/java/com/prince/myproj/shares/models/AnalysisVolumeCycBean.java:[7,40] unmappable character for encoding UTF-8
[WARNING] /root/work/blog/src/main/java/com/prince/myproj/shares/models/AnalysisVolumeCycBean.java:[7,41] unmappable character for encoding UTF-8
[WARNING] /root/work/blog/src/main/java/com/prince/myproj/shares/models/AnalysisVolumeCycBean.java:[7,42] unmappable character for encoding UTF-8
[WARNING] /root/work/blog/src/main/java/com/prince/myproj/shares/models/AnalysisVolumeCycBean.java:[8,39] unmappable character for encoding UTF-8
[WARNING] /root/work/blog/src/main/java/com/prince/myproj/shares/models/AnalysisVolumeCycBean.java:[8,41] unmappable character for encoding UTF-8
[WARNING] /root/work/blog/src/main/java/com/prince/myproj/shares/models/AnalysisVolumeCycBean.java:[8,42] unmappable character for encoding UTF-8
[WARNING] /root/work/blog/src/main/java/com/prince/myproj/shares/models/AnalysisVolumeCycBean.java:[8,44] unmappable character for encoding UTF-8
[WARNING] /root/work/blog/src/main/java/com/prince/myproj/shares/services/SelectSharesService.java:[28,88] sun.rmi.runtime.Log is internal proprietary API and may be removed in a future release
[WARNING] /root/work/blog/src/main/java/com/prince/myproj/blog/services/UtilService.java: Some input files use unchecked or unsafe operations.
[WARNING] /root/work/blog/src/main/java/com/prince/myproj/blog/services/UtilService.java: Recompile with -Xlint:unchecked for details.
[INFO] 
[INFO] --- maven-resources-plugin:2.6:testResources (default-testResources) @ blog ---
[INFO] Using 'UTF-8' encoding to copy filtered resources.
[INFO] skip non existing resourceDirectory /root/work/blog/src/test/resources
[INFO] 
[INFO] --- maven-compiler-plugin:3.1:testCompile (default-testCompile) @ blog ---
[INFO] No sources to compile
[INFO] 
[INFO] --- maven-surefire-plugin:2.12.4:test (default-test) @ blog ---
[INFO] No tests to run.
[INFO] 
[INFO] --- maven-war-plugin:2.2:war (default-war) @ blog ---
[INFO] Packaging webapp
[INFO] Assembling webapp [blog] in [/root/work/blog/target/blog]
[INFO] Processing war project
[INFO] Copying webapp resources [/root/work/blog/src/main/webapp]
[INFO] Webapp assembled in [4041 msecs]
[INFO] Building war: /root/work/blog/target/blog.war
[INFO] WEB-INF/web.xml already added, skipping
[INFO] ------------------------------------------------------------------------
[INFO] BUILD SUCCESS
[INFO] ------------------------------------------------------------------------
[INFO] Total time: 27.370 s
[INFO] Finished at: 2017-11-01T14:59:29+08:00
[INFO] Final Memory: 18M/54M
[INFO] ------------------------------------------------------------------------
kill blog
Usage:
  kill pid ...              Send SIGTERM to every process listed.
  kill signal pid ...       Send a signal to every process listed.
  kill -s signal pid ...    Send a signal to every process listed.
  kill -l                   List all signal names.
  kill -L                   List all signal names in a nice table.
  kill -l signal            Convert between signal numbers and names.
Tomcat started.
